[2025-05-20 09:26:49] [INFO] root: Запуск микросервиса
[2025-05-20 09:26:49] [INFO] app.app_factory: Lifespan init completed
[2025-05-20 09:29:49] [INFO] app.app_factory: Lifespan shutdown started
[2025-05-20 09:29:49] [ERROR] asyncio: Unclosed client session
client_session: <aiohttp.client.ClientSession object at 0x7f8a877463d0>
[2025-05-20 09:36:49] [INFO] root: Запуск микросервиса
[2025-05-20 09:36:50] [INFO] app.app_factory: Lifespan init completed
[2025-05-20 10:03:58] [INFO] app.app_factory: Lifespan shutdown started
[2025-05-20 10:03:58] [ERROR] asyncio: Unclosed client session
client_session: <aiohttp.client.ClientSession object at 0x7f85da064610>
[2025-06-20 17:12:10] [INFO] root: Запуск микросервиса
[2025-06-20 17:12:10] [INFO] app.routes: Регистрация роутов
[2025-06-20 17:12:10] [INFO] app.app_factory: Lifespan init completed
[2025-06-20 17:16:54] [INFO] app.app_factory: Lifespan shutdown started
[2025-06-20 17:17:49] [INFO] root: Запуск микросервиса
[2025-06-20 17:17:49] [INFO] app.routes: Регистрация роутов
[2025-06-20 17:17:49] [INFO] app.app_factory: Lifespan init completed
[2025-06-20 17:26:02] [INFO] app.app_factory: Lifespan shutdown started
[2025-06-20 17:26:09] [INFO] root: Запуск микросервиса
[2025-06-20 17:26:09] [INFO] app.routes: Регистрация роутов
[2025-06-20 17:26:09] [INFO] app.app_factory: Lifespan init completed
[2025-06-20 17:44:34] [INFO] app.app_factory: Lifespan shutdown started
[2025-06-20 17:44:43] [INFO] root: Запуск микросервиса
[2025-06-20 17:44:43] [INFO] app.routes: Регистрация роутов
[2025-06-20 17:44:43] [INFO] app.app_factory: Lifespan init completed
[2025-06-20 17:46:10] [INFO] app.app_factory: Lifespan shutdown started
[2025-06-20 17:46:17] [INFO] root: Запуск микросервиса
[2025-06-20 17:46:17] [INFO] app.routes: Регистрация роутов
[2025-06-20 17:46:17] [INFO] app.app_factory: Lifespan init completed
[2025-06-20 17:46:26] [INFO] app.routes: Пришла заявка 1750441586.582182
[2025-06-20 17:46:26] [INFO] app.routes: [172.18.0.1] 📩 Заявка: fsafsfas / +71231231231
[2025-06-20 17:46:50] [INFO] app.app_factory: Lifespan shutdown started
[2025-06-20 17:46:50] [ERROR] asyncio: Unclosed client session
client_session: <aiohttp.client.ClientSession object at 0x7f56e62dabd0>
[2025-06-20 17:46:57] [INFO] root: Запуск микросервиса
[2025-06-20 17:46:57] [INFO] app.routes: Регистрация роутов
[2025-06-20 17:46:57] [INFO] app.app_factory: Lifespan init completed
[2025-06-20 17:50:14] [INFO] app.app_factory: Lifespan shutdown started
[2025-06-20 17:50:22] [INFO] root: Запуск микросервиса
[2025-06-20 17:50:22] [INFO] app.routes: Регистрация роутов
[2025-06-20 17:50:22] [INFO] app.app_factory: Lifespan init completed
[2025-06-20 17:52:10] [INFO] root: Запуск микросервиса
[2025-06-20 17:52:10] [INFO] app.routes: Регистрация роутов
[2025-06-20 17:52:10] [INFO] app.app_factory: Lifespan init completed
[2025-06-20 17:52:58] [INFO] app.app_factory: Lifespan shutdown started
[2025-06-20 17:53:05] [INFO] root: Запуск микросервиса
[2025-06-20 17:53:05] [INFO] app.routes: Регистрация роутов
[2025-06-20 17:53:05] [INFO] app.app_factory: Lifespan init completed
[2025-06-20 17:53:28] [INFO] app.app_factory: Lifespan shutdown started
[2025-06-20 17:53:41] [INFO] root: Запуск микросервиса
[2025-06-20 17:53:41] [INFO] app.routes: Регистрация роутов
[2025-06-20 17:53:41] [INFO] app.app_factory: Lifespan init completed
[2025-06-20 17:54:33] [INFO] app.routes: Пришла заявка 1750442073.818691
[2025-06-20 17:54:33] [INFO] app.routes: [172.18.0.1] 📩 Заявка: вфывфы / +72132131231
[2025-06-20 17:59:44] [INFO] app.app_factory: Lifespan shutdown started
[2025-06-20 17:59:44] [ERROR] asyncio: Unclosed client session
client_session: <aiohttp.client.ClientSession object at 0x7f638bce99d0>
[2025-06-20 17:59:52] [INFO] root: Запуск микросервиса
[2025-06-20 17:59:52] [INFO] app.routes: Регистрация роутов
[2025-06-20 17:59:52] [INFO] app.app_factory: Lifespan init completed
[2025-06-20 18:00:10] [INFO] app.routes: Пришла заявка 2025-06-20 18:00:10.058484
[2025-06-20 18:00:10] [INFO] app.routes: [172.18.0.1] 📩 Заявка: проверка / +79999999999
[2025-06-20 18:00:10] [INFO] bot.services.broadcaster: Target [ID:798436130]: success
[2025-06-20 18:00:10] [INFO] bot.services.broadcaster: 1 messages successful sent.
[2025-06-20 18:00:37] [INFO] app.app_factory: Lifespan shutdown started
[2025-06-20 18:00:37] [ERROR] asyncio: Unclosed client session
client_session: <aiohttp.client.ClientSession object at 0x7ffa60095b10>
[2025-06-20 18:00:44] [INFO] root: Запуск микросервиса
[2025-06-20 18:00:44] [INFO] app.routes: Регистрация роутов
[2025-06-20 18:00:44] [INFO] app.app_factory: Lifespan init completed
[2025-06-20 18:00:47] [INFO] app.routes: Пришла заявка 2025-06-20 18:00:47.851424
[2025-06-20 18:00:47] [INFO] app.routes: [172.18.0.1] 📩 Заявка: проверка / +79999999999
[2025-06-20 18:00:48] [INFO] bot.services.broadcaster: Target [ID:798436130]: success
[2025-06-20 18:00:48] [INFO] bot.services.broadcaster: 1 messages successful sent.
[2025-06-20 18:01:01] [INFO] app.routes: Пришла заявка 2025-06-20 18:01:01.023169
[2025-06-20 18:01:01] [INFO] app.routes: [172.18.0.1] 📩 Заявка: фыафыафы / +72132131231
[2025-06-20 18:01:06] [INFO] app.app_factory: Lifespan shutdown started
[2025-06-20 18:01:06] [ERROR] asyncio: Unclosed connector
connections: ['deque([(<aiohttp.client_proto.ResponseHandler object at 0x7f0fef480c90>, 3107.264198433)])']
connector: <aiohttp.connector.TCPConnector object at 0x7f0fef45a310>
[2025-06-20 18:04:05] [INFO] root: Запуск микросервиса
[2025-06-20 18:04:05] [INFO] app.routes: Регистрация роутов
[2025-06-20 18:04:05] [INFO] app.app_factory: Lifespan init completed
[2025-06-20 18:04:11] [INFO] app.routes: Пришла заявка 2025-06-20 18:04:11.008122
[2025-06-20 18:04:11] [INFO] app.routes: [172.18.0.1] 📩 Заявка: Проверка / +79999999999
[2025-06-20 18:04:11] [INFO] bot.services.broadcaster: Target [ID:798436130]: success
[2025-06-20 18:04:11] [INFO] bot.services.broadcaster: 1 messages successful sent.
[2025-06-20 18:04:30] [INFO] app.routes: Пришла заявка 2025-06-20 18:04:30.044310
[2025-06-20 18:04:30] [INFO] app.routes: [172.18.0.1] 📩 Заявка: вфыв / +71321232131
[2025-06-20 18:05:15] [INFO] app.app_factory: Lifespan shutdown started
[2025-06-20 18:05:15] [ERROR] asyncio: Unclosed client session
client_session: <aiohttp.client.ClientSession object at 0x7fa7dc611290>
[2025-06-20 18:05:24] [INFO] root: Запуск микросервиса
[2025-06-20 18:05:24] [INFO] app.routes: Регистрация роутов
[2025-06-20 18:05:24] [INFO] app.app_factory: Lifespan init completed
[2025-06-20 18:05:31] [INFO] app.routes: Пришла заявка 2025-06-20 18:05:31.404992
[2025-06-20 18:05:31] [INFO] app.routes: [172.18.0.1] 📩 Заявка: ПроверКА / +79999999991
[2025-06-20 18:05:40] [INFO] app.routes: Пришла заявка 2025-06-20 18:05:40.488543
[2025-06-20 18:05:40] [INFO] app.routes: [172.18.0.1] 📩 Заявка: Проверка / +79999999999
[2025-06-20 18:05:40] [INFO] bot.services.broadcaster: Target [ID:798436130]: success
[2025-06-20 18:05:40] [INFO] bot.services.broadcaster: 1 messages successful sent.
[2025-06-20 18:05:53] [INFO] app.routes: Пришла заявка 2025-06-20 18:05:53.999386
[2025-06-20 18:05:54] [INFO] app.routes: [172.18.0.1] 📩 Заявка: аывфавыфа / +73243243243
[2025-06-20 18:05:58] [WARNING] slowapi: ratelimit 3 per 5 minute (172.18.0.1) exceeded at endpoint: /api/submit
[2025-06-20 18:06:05] [WARNING] slowapi: ratelimit 3 per 5 minute (172.18.0.1) exceeded at endpoint: /api/submit
[2025-06-20 18:06:09] [INFO] app.app_factory: Lifespan shutdown started
[2025-06-20 18:06:09] [ERROR] asyncio: Unclosed connector
connections: ['deque([(<aiohttp.client_proto.ResponseHandler object at 0x7f2a3d24b2a0>, 3400.010794215)])']
connector: <aiohttp.connector.TCPConnector object at 0x7f2a3d2b61d0>
