[2025-05-20 09:26:49] [INFO] bot.services.broadcaster: Target [ID:798436130]: success
[2025-05-20 09:26:50] [INFO] bot.services.broadcaster: 1 messages successful sent.
[2025-05-20 09:26:50] [INFO] aiogram.dispatcher: Start polling
[2025-05-20 09:26:50] [INFO] aiogram.dispatcher: Run polling for bot @dincosmet_bot id=7555905469 - 'Династия косметология'
[2025-05-20 09:29:49] [WARNING] aiogram.dispatcher: Received SIGTERM signal
[2025-05-20 09:29:49] [INFO] aiogram.dispatcher: Polling stopped for bot @dincosmet_bot id=7555905469 - 'Династия косметология'
[2025-05-20 09:29:49] [INFO] aiogram.dispatcher: Polling stopped
[2025-05-20 09:36:50] [INFO] bot.services.broadcaster: Target [ID:798436130]: success
[2025-05-20 09:36:50] [INFO] bot.services.broadcaster: 1 messages successful sent.
[2025-05-20 09:36:50] [INFO] aiogram.dispatcher: Start polling
[2025-05-20 09:36:50] [INFO] aiogram.dispatcher: Run polling for bot @dincosmet_bot id=7555905469 - 'Династия косметология'
[2025-05-20 10:03:58] [WARNING] aiogram.dispatcher: Received SIGTERM signal
[2025-05-20 10:03:58] [INFO] aiogram.dispatcher: Polling stopped for bot @dincosmet_bot id=7555905469 - 'Династия косметология'
[2025-05-20 10:03:58] [INFO] aiogram.dispatcher: Polling stopped
[2025-06-20 17:12:12] [ERROR] bot.services.broadcaster: Telegram server says - Bad Request: chat not found
Traceback (most recent call last):
  File "/bot/bot/services/broadcaster.py", line 29, in send_message
    await bot.send_message(
  File "/usr/local/lib/python3.11/site-packages/aiogram/client/bot.py", line 2850, in send_message
    return await self(call, request_timeout=request_timeout)
           ^^^^^^^^^^^^^^^^^^^^^^^^^^^^^^^^^^^^^^^^^^^^^^^^^
  File "/usr/local/lib/python3.11/site-packages/aiogram/client/bot.py", line 478, in __call__
    return await self.session(self, method, timeout=request_timeout)
           ^^^^^^^^^^^^^^^^^^^^^^^^^^^^^^^^^^^^^^^^^^^^^^^^^^^^^^^^^
  File "/usr/local/lib/python3.11/site-packages/aiogram/client/session/base.py", line 254, in __call__
    return cast(TelegramType, await middleware(bot, method))
                              ^^^^^^^^^^^^^^^^^^^^^^^^^^^^^
  File "/usr/local/lib/python3.11/site-packages/aiogram/client/session/aiohttp.py", line 185, in make_request
    response = self.check_response(
               ^^^^^^^^^^^^^^^^^^^^
  File "/usr/local/lib/python3.11/site-packages/aiogram/client/session/base.py", line 120, in check_response
    raise TelegramBadRequest(method=method, message=description)
aiogram.exceptions.TelegramBadRequest: Telegram server says - Bad Request: chat not found
[2025-06-20 17:12:12] [INFO] bot.services.broadcaster: 0 messages successful sent.
[2025-06-20 17:12:12] [INFO] aiogram.dispatcher: Start polling
[2025-06-20 17:12:12] [INFO] aiogram.dispatcher: Run polling for bot @consultions_bot id=6246680960 - 'consultions_bot'
[2025-06-20 17:13:44] [INFO] aiogram.event: Update id=754233361 is handled. Duration 168 ms by bot id=6246680960
[2025-06-20 17:16:54] [WARNING] aiogram.dispatcher: Received SIGTERM signal
[2025-06-20 17:16:54] [INFO] aiogram.dispatcher: Polling stopped for bot @consultions_bot id=6246680960 - 'consultions_bot'
[2025-06-20 17:16:54] [INFO] aiogram.dispatcher: Polling stopped
[2025-06-20 17:17:49] [INFO] bot.services.broadcaster: Target [ID:798436130]: success
[2025-06-20 17:17:49] [INFO] bot.services.broadcaster: 1 messages successful sent.
[2025-06-20 17:17:49] [INFO] aiogram.dispatcher: Start polling
[2025-06-20 17:17:49] [INFO] aiogram.dispatcher: Run polling for bot @consultions_bot id=6246680960 - 'consultions_bot'
[2025-06-20 17:26:01] [WARNING] aiogram.dispatcher: Received SIGTERM signal
[2025-06-20 17:26:01] [INFO] aiogram.dispatcher: Polling stopped for bot @consultions_bot id=6246680960 - 'consultions_bot'
[2025-06-20 17:26:01] [INFO] aiogram.dispatcher: Polling stopped
[2025-06-20 17:26:09] [INFO] bot.services.broadcaster: Target [ID:798436130]: success
[2025-06-20 17:26:09] [INFO] bot.services.broadcaster: 1 messages successful sent.
[2025-06-20 17:26:09] [INFO] aiogram.dispatcher: Start polling
[2025-06-20 17:26:09] [INFO] aiogram.dispatcher: Run polling for bot @consultions_bot id=6246680960 - 'consultions_bot'
[2025-06-20 17:44:34] [WARNING] aiogram.dispatcher: Received SIGTERM signal
[2025-06-20 17:44:34] [INFO] aiogram.dispatcher: Polling stopped for bot @consultions_bot id=6246680960 - 'consultions_bot'
[2025-06-20 17:44:34] [INFO] aiogram.dispatcher: Polling stopped
[2025-06-20 17:44:43] [INFO] bot.services.broadcaster: Target [ID:798436130]: success
[2025-06-20 17:44:43] [INFO] bot.services.broadcaster: 1 messages successful sent.
[2025-06-20 17:44:43] [INFO] aiogram.dispatcher: Start polling
[2025-06-20 17:44:43] [INFO] aiogram.dispatcher: Run polling for bot @consultions_bot id=6246680960 - 'consultions_bot'
[2025-06-20 17:46:10] [WARNING] aiogram.dispatcher: Received SIGTERM signal
[2025-06-20 17:46:10] [INFO] aiogram.dispatcher: Polling stopped for bot @consultions_bot id=6246680960 - 'consultions_bot'
[2025-06-20 17:46:10] [INFO] aiogram.dispatcher: Polling stopped
[2025-06-20 17:46:17] [INFO] bot.services.broadcaster: Target [ID:798436130]: success
[2025-06-20 17:46:17] [INFO] bot.services.broadcaster: 1 messages successful sent.
[2025-06-20 17:46:17] [INFO] aiogram.dispatcher: Start polling
[2025-06-20 17:46:17] [INFO] aiogram.dispatcher: Run polling for bot @consultions_bot id=6246680960 - 'consultions_bot'
[2025-06-20 17:46:49] [WARNING] aiogram.dispatcher: Received SIGTERM signal
[2025-06-20 17:46:49] [INFO] aiogram.dispatcher: Polling stopped for bot @consultions_bot id=6246680960 - 'consultions_bot'
[2025-06-20 17:46:49] [INFO] aiogram.dispatcher: Polling stopped
[2025-06-20 17:46:57] [INFO] bot.services.broadcaster: Target [ID:798436130]: success
[2025-06-20 17:46:57] [INFO] bot.services.broadcaster: 1 messages successful sent.
[2025-06-20 17:46:57] [INFO] aiogram.dispatcher: Start polling
[2025-06-20 17:46:57] [INFO] aiogram.dispatcher: Run polling for bot @consultions_bot id=6246680960 - 'consultions_bot'
[2025-06-20 17:50:14] [WARNING] aiogram.dispatcher: Received SIGTERM signal
[2025-06-20 17:50:14] [INFO] aiogram.dispatcher: Polling stopped for bot @consultions_bot id=6246680960 - 'consultions_bot'
[2025-06-20 17:50:14] [INFO] aiogram.dispatcher: Polling stopped
[2025-06-20 17:50:22] [INFO] bot.services.broadcaster: Target [ID:798436130]: success
[2025-06-20 17:50:22] [INFO] bot.services.broadcaster: 1 messages successful sent.
[2025-06-20 17:50:22] [INFO] aiogram.dispatcher: Start polling
[2025-06-20 17:50:22] [INFO] aiogram.dispatcher: Run polling for bot @consultions_bot id=6246680960 - 'consultions_bot'
[2025-06-20 17:52:03] [WARNING] aiogram.dispatcher: Received SIGTERM signal
[2025-06-20 17:52:03] [INFO] aiogram.dispatcher: Polling stopped for bot @consultions_bot id=6246680960 - 'consultions_bot'
[2025-06-20 17:52:03] [INFO] aiogram.dispatcher: Polling stopped
[2025-06-20 17:52:10] [INFO] bot.services.broadcaster: Target [ID:798436130]: success
[2025-06-20 17:52:10] [INFO] bot.services.broadcaster: 1 messages successful sent.
[2025-06-20 17:52:10] [INFO] aiogram.dispatcher: Start polling
[2025-06-20 17:52:10] [INFO] aiogram.dispatcher: Run polling for bot @consultions_bot id=6246680960 - 'consultions_bot'
[2025-06-20 17:52:58] [WARNING] aiogram.dispatcher: Received SIGTERM signal
[2025-06-20 17:52:58] [INFO] aiogram.dispatcher: Polling stopped for bot @consultions_bot id=6246680960 - 'consultions_bot'
[2025-06-20 17:52:58] [INFO] aiogram.dispatcher: Polling stopped
[2025-06-20 17:53:06] [INFO] bot.services.broadcaster: Target [ID:798436130]: success
[2025-06-20 17:53:06] [INFO] bot.services.broadcaster: 1 messages successful sent.
[2025-06-20 17:53:06] [INFO] aiogram.dispatcher: Start polling
[2025-06-20 17:53:06] [INFO] aiogram.dispatcher: Run polling for bot @consultions_bot id=6246680960 - 'consultions_bot'
[2025-06-20 17:53:28] [WARNING] aiogram.dispatcher: Received SIGTERM signal
[2025-06-20 17:53:28] [INFO] aiogram.dispatcher: Polling stopped for bot @consultions_bot id=6246680960 - 'consultions_bot'
[2025-06-20 17:53:28] [INFO] aiogram.dispatcher: Polling stopped
[2025-06-20 17:53:41] [INFO] bot.services.broadcaster: Target [ID:798436130]: success
[2025-06-20 17:53:41] [INFO] bot.services.broadcaster: 1 messages successful sent.
[2025-06-20 17:53:41] [INFO] aiogram.dispatcher: Start polling
[2025-06-20 17:53:41] [INFO] aiogram.dispatcher: Run polling for bot @consultions_bot id=6246680960 - 'consultions_bot'
[2025-06-20 17:59:44] [WARNING] aiogram.dispatcher: Received SIGTERM signal
[2025-06-20 17:59:44] [INFO] aiogram.dispatcher: Polling stopped for bot @consultions_bot id=6246680960 - 'consultions_bot'
[2025-06-20 17:59:44] [INFO] aiogram.dispatcher: Polling stopped
[2025-06-20 17:59:53] [INFO] bot.services.broadcaster: Target [ID:798436130]: success
[2025-06-20 17:59:53] [INFO] bot.services.broadcaster: 1 messages successful sent.
[2025-06-20 17:59:53] [INFO] aiogram.dispatcher: Start polling
[2025-06-20 17:59:53] [INFO] aiogram.dispatcher: Run polling for bot @consultions_bot id=6246680960 - 'consultions_bot'
[2025-06-20 18:00:36] [WARNING] aiogram.dispatcher: Received SIGTERM signal
[2025-06-20 18:00:36] [INFO] aiogram.dispatcher: Polling stopped for bot @consultions_bot id=6246680960 - 'consultions_bot'
[2025-06-20 18:00:36] [INFO] aiogram.dispatcher: Polling stopped
[2025-06-20 18:00:44] [INFO] bot.services.broadcaster: Target [ID:798436130]: success
[2025-06-20 18:00:44] [INFO] bot.services.broadcaster: 1 messages successful sent.
[2025-06-20 18:00:44] [INFO] aiogram.dispatcher: Start polling
[2025-06-20 18:00:44] [INFO] aiogram.dispatcher: Run polling for bot @consultions_bot id=6246680960 - 'consultions_bot'
[2025-06-20 18:01:06] [WARNING] aiogram.dispatcher: Received SIGTERM signal
[2025-06-20 18:01:06] [INFO] aiogram.dispatcher: Polling stopped for bot @consultions_bot id=6246680960 - 'consultions_bot'
[2025-06-20 18:01:06] [INFO] aiogram.dispatcher: Polling stopped
